<?xml version="1.0" encoding="UTF-8"?>
<testng-results skipped="0" failed="0" total="1" passed="1">
  <reporter-output>
  </reporter-output>
  <suite name="Default suite" duration-ms="8784" started-at="2019-05-25T03:58:11Z" finished-at="2019-05-25T03:58:20Z">
    <groups>
    </groups>
    <test name="Default test" duration-ms="8784" started-at="2019-05-25T03:58:11Z" finished-at="2019-05-25T03:58:20Z">
      <class name="Section17_Parameters.A1_Parameters">
        <test-method status="PASS" signature="Login()[pri:0, instance:Section17_Parameters.A1_Parameters@153f5a29]" name="Login" duration-ms="8757" started-at="2019-05-24T22:58:11Z" finished-at="2019-05-24T22:58:20Z">
          <reporter-output>
          </reporter-output>
        </test-method> <!-- Login -->
      </class> <!-- Section17_Parameters.A1_Parameters -->
    </test> <!-- Default test -->
  </suite> <!-- Default suite -->
</testng-results>
