<?xml version="1.0" encoding="UTF-8"?>
<!-- Generated by org.testng.reporters.JUnitXMLReporter -->
<testsuite hostname="Daniel" name="Default test" tests="3" failures="0" timestamp="24 May 2019 04:06:42 GMT" time="0.066" errors="0">
  <testcase name="timeOutExample" time="0.015" classname="Section17_TestNG.A8_DataProvider"/>
  <testcase name="timeOutExample" time="0.006" classname="Section17_TestNG.A8_DataProvider"/>
  <testcase name="timeOutExample" time="0.003" classname="Section17_TestNG.A8_DataProvider"/>
</testsuite> <!-- Default test -->
