<?xml version="1.0" encoding="UTF-8"?>
<testng-results skipped="0" failed="0" total="2" passed="2">
  <reporter-output>
  </reporter-output>
  <suite name="Default suite" duration-ms="56" started-at="2019-05-20T11:23:55Z" finished-at="2019-05-20T11:23:55Z">
    <groups>
    </groups>
    <test name="Default test" duration-ms="56" started-at="2019-05-20T11:23:55Z" finished-at="2019-05-20T11:23:55Z">
      <class name="Section17_TestNG.A1_Basics">
        <test-method status="PASS" signature="method1()[pri:0, instance:Section17_TestNG.A1_Basics@737996a0]" name="method1" duration-ms="23" started-at="2019-05-20T06:23:55Z" finished-at="2019-05-20T06:23:55Z">
          <reporter-output>
          </reporter-output>
        </test-method> <!-- method1 -->
        <test-method status="PASS" signature="method2()[pri:0, instance:Section17_TestNG.A1_Basics@737996a0]" name="method2" duration-ms="2" started-at="2019-05-20T06:23:55Z" finished-at="2019-05-20T06:23:55Z">
          <reporter-output>
          </reporter-output>
        </test-method> <!-- method2 -->
      </class> <!-- Section17_TestNG.A1_Basics -->
    </test> <!-- Default test -->
  </suite> <!-- Default suite -->
</testng-results>
