<?xml version="1.0" encoding="UTF-8"?>
<testng-results skipped="0" failed="0" total="2" passed="2">
  <reporter-output>
  </reporter-output>
  <suite name="Default suite" duration-ms="50698" started-at="2019-07-17T01:44:12Z" finished-at="2019-07-17T01:45:03Z">
    <groups>
    </groups>
    <test name="Default test" duration-ms="50698" started-at="2019-07-17T01:44:12Z" finished-at="2019-07-17T01:45:03Z">
      <class name="Academy.HomePage">
        <test-method status="PASS" signature="beforeTest()[pri:0, instance:Academy.HomePage@36902638]" name="beforeTest" is-config="true" duration-ms="15559" started-at="2019-07-16T20:44:12Z" finished-at="2019-07-16T20:44:28Z">
          <reporter-output>
          </reporter-output>
        </test-method> <!-- beforeTest -->
        <test-method status="PASS" signature="homePageNavigation(java.lang.String, java.lang.String)[pri:0, instance:Academy.HomePage@36902638]" name="homePageNavigation" duration-ms="19497" started-at="2019-07-16T20:44:28Z" data-provider="provider" finished-at="2019-07-16T20:44:47Z">
          <params>
            <param index="0">
              <value>
                <![CDATA[unrestricted@abc.com]]>
              </value>
            </param>
            <param index="1">
              <value>
                <![CDATA[1234]]>
              </value>
            </param>
          </params>
          <reporter-output>
          </reporter-output>
        </test-method> <!-- homePageNavigation -->
        <test-method status="PASS" signature="homePageNavigation(java.lang.String, java.lang.String)[pri:0, instance:Academy.HomePage@36902638]" name="homePageNavigation" duration-ms="13508" started-at="2019-07-16T20:44:47Z" data-provider="provider" finished-at="2019-07-16T20:45:01Z">
          <params>
            <param index="0">
              <value>
                <![CDATA[restricted@abc.com]]>
              </value>
            </param>
            <param index="1">
              <value>
                <![CDATA[5678]]>
              </value>
            </param>
          </params>
          <reporter-output>
          </reporter-output>
        </test-method> <!-- homePageNavigation -->
        <test-method status="PASS" signature="afterTest()[pri:0, instance:Academy.HomePage@36902638]" name="afterTest" is-config="true" duration-ms="2076" started-at="2019-07-16T20:45:01Z" finished-at="2019-07-16T20:45:03Z">
          <reporter-output>
          </reporter-output>
        </test-method> <!-- afterTest -->
      </class> <!-- Academy.HomePage -->
    </test> <!-- Default test -->
  </suite> <!-- Default suite -->
</testng-results>
