<?xml version="1.0" encoding="UTF-8"?>
<!-- Generated by org.testng.reporters.JUnitXMLReporter -->
<testsuite hostname="Daniel" ignored="0" name="Test" tests="6" failures="0" timestamp="25 may 2019 21:15:18 GMT" time="0.078" errors="0">
  <testcase name="deleteTwitter" time="0.012" classname="seleniummaven.RestApiTest"/>
  <testcase name="posJira" time="0.0" classname="seleniummaven.RestApiTest"/>
  <testcase name="BrowserAutomation" time="0.0" classname="seleniummaven.Selenium"/>
  <testcase name="elementsUI" time="0.0" classname="seleniummaven.Selenium"/>
  <testcase name="android" time="0.0" classname="seleniummaven.AppiumTest"/>
  <testcase name="ios" time="0.001" classname="seleniummaven.AppiumTest"/>
</testsuite> <!-- Test -->
