<?xml version="1.0" encoding="UTF-8"?>
<!-- Generated by org.testng.reporters.JUnitXMLReporter -->
<testsuite hostname="Daniel" name="Peronal Loan" tests="1" failures="1" timestamp="24 May 2019 04:26:40 GMT" time="0.042" errors="0">
  <testcase name="testListenerExample" time="0.017" classname="Section17_TestNG.A9_TestListeners">
    <failure type="java.lang.AssertionError" message="expected [false] but found [true]">
      <![CDATA[java.lang.AssertionError: expected [false] but found [true]
	at Section17_TestNG.A9_TestListeners.testListenerExample(A9_TestListeners.java:13)
... Removed 28 stack frames]]>
    </failure>
  </testcase> <!-- testListenerExample -->
</testsuite> <!-- Peronal Loan -->
