<?xml version="1.0" encoding="UTF-8"?>
<!-- Generated by org.testng.reporters.JUnitXMLReporter -->
<testsuite hostname="Daniel" name="Test" tests="3" failures="0" timestamp="20 May 2019 11:51:51 GMT" time="0.049" errors="0">
  <testcase name="apiLogin" time="0.014" classname="Section17_TestNG.A3_Basics3"/>
  <testcase name="mobileLogin" time="0.003" classname="Section17_TestNG.A3_Basics3"/>
  <testcase name="webLogin" time="0.003" classname="Section17_TestNG.A3_Basics3"/>
</testsuite> <!-- Test -->
