<?xml version="1.0" encoding="UTF-8"?>
<testng-results skipped="0" failed="0" ignored="0" total="2" passed="2">
  <reporter-output>
  </reporter-output>
  <suite name="Suite" duration-ms="78436" started-at="2019-07-19T01:14:38Z" finished-at="2019-07-19T01:15:57Z">
    <groups>
    </groups>
    <test name="    Test " duration-ms="78436" started-at="2019-07-19T01:14:38Z" finished-at="2019-07-19T01:15:57Z">
      <class name="Academy.HomePage">
        <test-method status="PASS" signature="beforeTest()[pri:0, instance:Academy.HomePage@3a44431a]" name="beforeTest" is-config="true" duration-ms="17724" started-at="2019-07-19T01:14:38Z" finished-at="2019-07-19T01:14:56Z">
          <reporter-output>
          </reporter-output>
        </test-method> <!-- beforeTest -->
        <test-method status="PASS" signature="homePageNavigation(java.lang.String, java.lang.String)[pri:0, instance:Academy.HomePage@3a44431a]" name="homePageNavigation" duration-ms="36634" started-at="2019-07-19T01:14:56Z" data-provider="provider" finished-at="2019-07-19T01:15:33Z">
          <params>
            <param index="0">
              <value>
                <![CDATA[unrestricted@abc.com]]>
              </value>
            </param>
            <param index="1">
              <value>
                <![CDATA[1234]]>
              </value>
            </param>
          </params>
          <reporter-output>
          </reporter-output>
        </test-method> <!-- homePageNavigation -->
        <test-method status="PASS" signature="homePageNavigation(java.lang.String, java.lang.String)[pri:0, instance:Academy.HomePage@3a44431a]" name="homePageNavigation" duration-ms="23940" started-at="2019-07-19T01:15:33Z" data-provider="provider" finished-at="2019-07-19T01:15:57Z">
          <params>
            <param index="0">
              <value>
                <![CDATA[restricted@abc.com]]>
              </value>
            </param>
            <param index="1">
              <value>
                <![CDATA[5678]]>
              </value>
            </param>
          </params>
          <reporter-output>
          </reporter-output>
        </test-method> <!-- homePageNavigation -->
        <test-method status="PASS" signature="afterTest()[pri:0, instance:Academy.HomePage@3a44431a]" name="afterTest" is-config="true" duration-ms="111" started-at="2019-07-19T01:15:57Z" finished-at="2019-07-19T01:15:57Z">
          <reporter-output>
          </reporter-output>
        </test-method> <!-- afterTest -->
      </class> <!-- Academy.HomePage -->
    </test> <!--     Test  -->
  </suite> <!-- Suite -->
</testng-results>
